Build started 08-11-2016 01:07:14.
     1>Project "c:\Users\ajha\documents\visual studio 2015\Projects\interpreter\sol1\sol1.vcxproj" on node 2 (Build target(s)).
     1>ClCompile:
         C:\Program Files (x86)\Microsoft Visual Studio 15.0\VC\bin\CL.exe /c /ZI /nologo /W3 /WX- /sdl /Od /Oy- /D _MBCS /Gm /EHsc /RTC1 /MDd /GS /fp:precise /Zc:wchar_t /Zc:forScope /Zc:inline /Fo"Debug\\" /Fd"Debug\vc140.pdb" /Gd /TP /analyze- /errorReport:prompt Constant.cpp Driver.cpp Sum.cpp Variable.cpp
         Constant.cpp
         Generating Code...
         Compiling...
         Variable.cpp
         Sum.cpp
         Driver.cpp
         Generating Code...
       Link:
         C:\Program Files (x86)\Microsoft Visual Studio 15.0\VC\bin\link.exe /ERRORREPORT:PROMPT /OUT:"c:\users\ajha\documents\visual studio 2015\Projects\interpreter\Debug\sol1.exe" /INCREMENTAL /NOLOGO kernel32.lib user32.lib gdi32.lib winspool.lib comdlg32.lib advapi32.lib shell32.lib ole32.lib oleaut32.lib uuid.lib odbc32.lib odbccp32.lib /MANIFEST /MANIFESTUAC:"level='asInvoker' uiAccess='false'" /manifest:embed /Debug /PDB:"c:\users\ajha\documents\visual studio 2015\Projects\interpreter\Debug\sol1.pdb" /TLBID:1 /DYNAMICBASE /NXCOMPAT /IMPLIB:"c:\users\ajha\documents\visual studio 2015\Projects\interpreter\Debug\sol1.lib" /MACHINE:X86 Debug\Constant.obj
         Debug\Driver.obj
         Debug\Sum.obj
         Debug\symbol.obj
         Debug\Variable.obj
         sol1.vcxproj -> c:\users\ajha\documents\visual studio 2015\Projects\interpreter\Debug\sol1.exe
     1>Done Building Project "c:\Users\ajha\documents\visual studio 2015\Projects\interpreter\sol1\sol1.vcxproj" (Build target(s)).

Build succeeded.

Time Elapsed 00:00:02.85
