c:\users\ajha\documents\visual studio 2015\projects\solution1\solution1\debug\vc140.pdb
c:\users\ajha\documents\visual studio 2015\projects\solution1\solution1\debug\vc140.idb
c:\users\ajha\documents\visual studio 2015\projects\solution1\solution1\debug\abstractperson.obj
c:\users\ajha\documents\visual studio 2015\projects\solution1\solution1\debug\driver.obj
c:\users\ajha\documents\visual studio 2015\projects\solution1\solution1\debug\person1.obj
c:\users\ajha\documents\visual studio 2015\projects\solution1\solution1\debug\person2.obj
c:\users\ajha\documents\visual studio 2015\projects\solution1\solution1\debug\person3.obj
c:\users\ajha\documents\visual studio 2015\projects\solution1\solution1\debug\main.obj
c:\users\ajha\documents\visual studio 2015\projects\solution1\debug\solution1.pdb
c:\users\ajha\documents\visual studio 2015\projects\solution1\solution1\debug\solution1.tlog\cl.command.1.tlog
c:\users\ajha\documents\visual studio 2015\projects\solution1\solution1\debug\solution1.tlog\cl.read.1.tlog
c:\users\ajha\documents\visual studio 2015\projects\solution1\solution1\debug\solution1.tlog\cl.write.1.tlog
c:\users\ajha\documents\visual studio 2015\projects\solution1\solution1\debug\solution1.tlog\link.19816-cvtres.read.1.tlog
c:\users\ajha\documents\visual studio 2015\projects\solution1\solution1\debug\solution1.tlog\link.19816-cvtres.write.1.tlog
c:\users\ajha\documents\visual studio 2015\projects\solution1\solution1\debug\solution1.tlog\link.19816-rc.read.1.tlog
c:\users\ajha\documents\visual studio 2015\projects\solution1\solution1\debug\solution1.tlog\link.19816-rc.write.1.tlog
c:\users\ajha\documents\visual studio 2015\projects\solution1\solution1\debug\solution1.tlog\link.19816.read.1.tlog
c:\users\ajha\documents\visual studio 2015\projects\solution1\solution1\debug\solution1.tlog\link.19816.write.1.tlog
c:\users\ajha\documents\visual studio 2015\projects\solution1\solution1\debug\solution1.tlog\link.command.1.tlog
c:\users\ajha\documents\visual studio 2015\projects\solution1\solution1\debug\solution1.tlog\link.read.1.tlog
c:\users\ajha\documents\visual studio 2015\projects\solution1\solution1\debug\solution1.tlog\link.write.1.tlog
