Build started 24-10-2016 15:31:05.
     1>Project "C:\Users\ajha\Documents\Visual Studio 2015\Projects\Mediator_audi\sol2\sol2.vcxproj" on node 2 (Build target(s)).
     1>ClCompile:
         C:\Program Files (x86)\Microsoft Visual Studio 15.0\VC\bin\CL.exe /c /ZI /nologo /W3 /WX- /sdl /Od /Oy- /D _MBCS /Gm /EHsc /RTC1 /MDd /GS /fp:precise /Zc:wchar_t /Zc:forScope /Zc:inline /Fo"Debug\\" /Fd"Debug\vc140.pdb" /Gd /TP /analyze- /errorReport:prompt Driver.cpp Mediator.cpp editBox.cpp graphBurn.cpp graphthrust.cpp slider.cpp
         slider.cpp
         graphthrust.cpp
         graphBurn.cpp
         editBox.cpp
         Mediator.cpp
         Generating Code...
         Skipping... (no relevant changes detected)
         Driver.cpp
       Link:
         C:\Program Files (x86)\Microsoft Visual Studio 15.0\VC\bin\link.exe /ERRORREPORT:PROMPT /OUT:"c:\users\ajha\documents\visual studio 2015\Projects\Mediator_audi\Debug\sol2.exe" /INCREMENTAL /NOLOGO kernel32.lib user32.lib gdi32.lib winspool.lib comdlg32.lib advapi32.lib shell32.lib ole32.lib oleaut32.lib uuid.lib odbc32.lib odbccp32.lib /MANIFEST /MANIFESTUAC:"level='asInvoker' uiAccess='false'" /manifest:embed /Debug /PDB:"c:\users\ajha\documents\visual studio 2015\Projects\Mediator_audi\Debug\sol2.pdb" /TLBID:1 /DYNAMICBASE /NXCOMPAT /IMPLIB:"c:\users\ajha\documents\visual studio 2015\Projects\Mediator_audi\Debug\sol2.lib" /MACHINE:X86 Debug\Driver.obj
         Debug\editBox.obj
         Debug\graphBurn.obj
         Debug\graphthrust.obj
         Debug\Mediator.obj
         Debug\slider.obj
         sol2.vcxproj -> c:\users\ajha\documents\visual studio 2015\Projects\Mediator_audi\Debug\sol2.exe
     1>Done Building Project "C:\Users\ajha\Documents\Visual Studio 2015\Projects\Mediator_audi\sol2\sol2.vcxproj" (Build target(s)).

Build succeeded.

Time Elapsed 00:00:02.50
